євнух /n20.a.p.<

єврей /n20.a.p.<

євро noun:n:nv|noun:m:nv

єгер /n24.a.p.ku.<

єдваб /n20

єзуїт /n20.a.p.ke.<

єй-єй intj

єлей /n20

ємний /adj \                                    #> місткий

ємно adv \                                      #> містко

єна /n10.p1

єнот /n20.a.p.<>

єпарх /n20.a.p.<

єресь /n32.p                                    # xv2

єри noun:m:nv

єрик /n20.a.p :xp1                              # протока

єрик /n20.a.p :xp2:rare                         # стара назва літери ь

єство /n2n.p1

єті noun:m:nv

єхида /n10.p1.ko.< :+m

